08-04-2018 @ 02:18:38 - Unable to download GeoIP Database: cURL error 6: Could not resolve host: geolite.maxmind.com
08-04-2018 @ 02:18:38 - Unable to download GeoIP Database: cURL error 6: Could not resolve host: geolite.maxmind.com
09-02-2018 @ 07:39:46 - Unable to download GeoIP Database: cURL error 28: Operation timed out after 299296 milliseconds with 651504 out of 711428 bytes received
02-09-2019 @ 14:48:19 - Unable to download GeoIP Database: Not Found
02-09-2019 @ 14:48:19 - Unable to download GeoIP Database: Not Found
03-12-2019 @ 04:24:48 - Unable to download GeoIP Database: Not Found
03-12-2019 @ 04:24:48 - Unable to download GeoIP Database: Not Found
04-06-2019 @ 15:22:58 - Unable to download GeoIP Database: Not Found
04-06-2019 @ 15:22:58 - Unable to download GeoIP Database: Not Found
05-07-2019 @ 06:41:47 - Unable to download GeoIP Database: Not Found
05-07-2019 @ 06:41:47 - Unable to download GeoIP Database: Not Found
06-04-2019 @ 01:38:51 - Unable to download GeoIP Database: Not Found
06-04-2019 @ 01:38:51 - Unable to download GeoIP Database: Not Found
07-07-2019 @ 06:56:08 - Unable to download GeoIP Database: Not Found
07-07-2019 @ 06:56:08 - Unable to download GeoIP Database: Not Found
08-13-2019 @ 06:32:36 - Unable to download GeoIP Database: Not Found
08-13-2019 @ 06:32:36 - Unable to download GeoIP Database: Not Found
09-07-2019 @ 11:56:07 - Unable to download GeoIP Database: Not Found
09-07-2019 @ 11:56:07 - Unable to download GeoIP Database: Not Found
10-17-2019 @ 13:17:08 - Unable to download GeoIP Database: Not Found
10-17-2019 @ 13:17:08 - Unable to download GeoIP Database: Not Found
11-09-2019 @ 03:35:48 - Unable to download GeoIP Database: Not Found
11-09-2019 @ 03:35:48 - Unable to download GeoIP Database: Not Found
12-04-2019 @ 01:52:49 - Unable to download GeoIP Database: Not Found
12-04-2019 @ 01:52:49 - Unable to download GeoIP Database: Not Found
01-05-2020 @ 16:45:43 - Unable to download GeoIP Database: cURL error 28: Connection timed out after 10000 milliseconds
01-05-2020 @ 16:45:43 - Unable to download GeoIP Database: cURL error 28: Connection timed out after 10000 milliseconds
02-02-2020 @ 13:32:20 - Unable to download GeoIP Database: cURL error 28: Connection timed out after 10001 milliseconds
02-02-2020 @ 13:32:21 - Unable to download GeoIP Database: cURL error 28: Connection timed out after 10001 milliseconds
03-17-2020 @ 03:26:13 - Unable to download GeoIP Database: A valid URL was not provided.
03-17-2020 @ 03:26:13 - Unable to download GeoIP Database: A valid URL was not provided.
04-13-2020 @ 16:28:22 - Unable to download GeoIP Database: cURL error 28: Connection timed out after 10000 milliseconds
04-13-2020 @ 16:28:22 - Unable to download GeoIP Database: cURL error 28: Connection timed out after 10001 milliseconds
05-04-2020 @ 17:55:04 - Unable to download GeoIP Database: cURL error 28: Connection timed out after 10001 milliseconds
05-04-2020 @ 17:55:04 - Unable to download GeoIP Database: cURL error 28: Connection timed out after 10001 milliseconds
06-03-2020 @ 13:43:30 - Unable to download GeoIP Database: Not Found
06-03-2020 @ 13:43:30 - Unable to download GeoIP Database: Not Found
